2020-12-03 13:52:19,686|INFO|65907|logging_util|init_logger|35|Loaded logger
2020-12-03 13:52:19,687|INFO|65907|server|<module>|24|Initializing process API
2020-12-03 13:59:12,531|INFO|66353|logging_util|init_logger|35|Loaded logger
2020-12-03 13:59:12,532|INFO|66353|server|<module>|20|Initializing process API
2020-12-03 13:59:33,745|DEBUG|66353|process_api|get|129|Getting status for pid 4445
2020-12-03 13:59:57,425|DEBUG|66353|process_api|get|129|Getting status for pid 4445
2020-12-03 13:59:59,404|DEBUG|66353|process_api|get|129|Getting status for pid 4445
2020-12-03 14:00:26,141|DEBUG|66353|process_api|get|129|Getting status for pid 4445
2020-12-03 14:00:31,081|INFO|66434|logging_util|init_logger|35|Loaded logger
2020-12-03 14:00:31,081|INFO|66434|server|<module>|20|Initializing process API
2020-12-03 14:00:48,028|INFO|66448|logging_util|init_logger|35|Loaded logger
2020-12-03 14:00:48,028|INFO|66448|server|<module>|20|Initializing process API
2020-12-03 14:00:53,753|DEBUG|66448|process_api|get|129|Getting status for pid 4445
2020-12-03 14:00:54,346|DEBUG|66448|process_api|get|129|Getting status for pid 4445
2020-12-03 14:08:32,966|INFO|67002|logging_util|init_logger|35|Loaded logger
2020-12-03 14:08:32,966|INFO|67002|server|<module>|23|Initializing process API
2020-12-03 14:10:28,487|INFO|67120|logging_util|init_logger|35|Loaded logger
2020-12-03 14:10:28,487|INFO|67120|server|<module>|23|Initializing process API
2020-12-03 14:10:28,490|INFO|67120|server|<module>|32|Checking if the PID cache dir /Users/jblom/workspace/DANE-asr-worker/src/docker_src/pid-cache exists
2020-12-03 14:10:28,491|INFO|67120|server|<module>|37|PID cache dir already exists
2020-12-03 14:11:05,028|INFO|67160|logging_util|init_logger|35|Loaded logger
2020-12-03 14:11:05,028|INFO|67160|server|<module>|23|Initializing process API
2020-12-03 14:11:05,033|INFO|67160|server|<module>|32|Checking if the PID cache dir /Users/jblom/workspace/DANE-asr-worker/src/docker_src/pid-cache exists
2020-12-03 14:11:05,033|INFO|67160|server|<module>|34|Path does not exist, creating new dir
2021-06-08 11:46:54,128|INFO|99499|logging_util|init_logger|35|Loaded logger
2021-06-08 11:46:54,129|INFO|99499|server|<module>|23|Initializing process API
2021-06-08 11:46:54,136|INFO|99499|server|<module>|32|Checking if the PID cache dir /Users/jblom/workspace/DANE-asr-worker/src/docker_src/pid-cache exists
2021-06-08 11:46:54,136|INFO|99499|server|<module>|37|PID cache dir already exists
2021-06-08 11:47:28,691|DEBUG|99499|process_api|get|129|Getting status for pid asfsdfsdfsadfsdaf
2021-06-08 11:47:43,770|DEBUG|99499|process_api|get|129|Getting status for pid asfsdfsdfsadfsdaf
2021-06-08 13:25:15,562|INFO|3104|logging_util|init_logger|35|Loaded logger
2021-06-08 13:25:15,564|INFO|3104|server|<module>|23|Initializing process API
2021-06-08 13:25:15,568|INFO|3104|server|<module>|32|Checking if the PID cache dir /Users/jblom/workspace/DANE-asr-worker/src/docker_src/pid-cache exists
2021-06-08 13:25:15,568|INFO|3104|server|<module>|37|PID cache dir already exists
2021-06-08 14:11:37,852|INFO|6205|logging_util|init_logger|35|Loaded logger
2021-06-08 14:11:37,854|INFO|6205|server|<module>|23|Initializing process API
2021-06-08 14:11:37,860|INFO|6205|server|<module>|32|Checking if the PID cache dir /Users/jblom/workspace/DANE-asr-worker/src/docker_src/pid-cache exists
2021-06-08 14:11:37,861|INFO|6205|server|<module>|37|PID cache dir already exists
2021-06-08 14:11:52,931|DEBUG|6205|process_api|get|129|Getting status for pid asdf
2021-06-08 14:11:55,878|DEBUG|6205|process_api|get|129|Getting status for pid asdf
2021-06-15 09:06:04,894|INFO|25320|logging_util|init_logger|35|Loaded logger
2021-06-15 09:06:04,895|INFO|25320|server|<module>|23|Initializing process API
2021-06-15 09:06:04,900|INFO|25320|server|<module>|32|Checking if the PID cache dir /Users/jblom/workspace/DANE-asr-worker/src/docker_src/pid-cache exists
2021-06-15 09:06:04,901|INFO|25320|server|<module>|37|PID cache dir already exists
2021-06-15 09:13:14,983|INFO|25854|logging_util|init_logger|35|Loaded logger
2021-06-15 09:13:14,983|INFO|25854|server|<module>|23|Initializing process API
2021-06-15 09:13:14,987|INFO|25854|server|<module>|32|Checking if the PID cache dir /Users/jblom/workspace/DANE-asr-worker/src/docker_src/pid-cache exists
2021-06-15 09:13:14,988|INFO|25854|server|<module>|37|PID cache dir already exists
2021-06-15 09:14:16,435|INFO|25917|logging_util|init_logger|35|Loaded logger
2021-06-15 09:14:16,435|INFO|25917|server|<module>|24|Initializing process API
2021-06-15 09:14:16,441|INFO|25917|server|<module>|33|Checking if the PID cache dir /Users/jblom/workspace/DANE-asr-worker/src/docker_src/pid-cache exists
2021-06-15 09:14:16,441|INFO|25917|server|<module>|38|PID cache dir already exists
2021-06-15 09:14:16,831|INFO|25918|logging_util|init_logger|35|Loaded logger
2021-06-15 09:14:16,832|INFO|25918|server|<module>|24|Initializing process API
2021-06-15 09:14:16,836|INFO|25918|server|<module>|33|Checking if the PID cache dir /Users/jblom/workspace/DANE-asr-worker/src/docker_src/pid-cache exists
2021-06-15 09:14:16,837|INFO|25918|server|<module>|38|PID cache dir already exists
2021-06-15 09:15:53,638|DEBUG|25918|process_api|get|134|Getting status for pid jaaptest
2021-06-15 09:16:13,067|DEBUG|25918|process_api|put|114|Starting ASR in same thread...
2021-06-15 09:16:13,067|DEBUG|25918|process_api|run_asr|89|running asr for PID=jaaptest
2021-06-15 09:16:18,069|DEBUG|25918|process_api|put|116|ASR done, returning response to client
2021-06-15 09:16:18,069|DEBUG|25918|process_api|put|117|{'state': 200, 'message': 'Succesfully ran ASR on test.mp3'}
2021-06-15 09:26:02,085|INFO|26644|logging_util|init_logger|35|Loaded logger
2021-06-15 09:26:02,085|INFO|26644|server|<module>|24|Initializing process API
2021-06-15 09:26:02,090|INFO|26644|server|<module>|33|Checking if the PID cache dir /Users/jblom/workspace/DANE-asr-worker/src/docker_src/pid-cache exists
2021-06-15 09:26:02,090|INFO|26644|server|<module>|38|PID cache dir already exists
2021-06-15 09:26:20,921|INFO|26665|logging_util|init_logger|35|Loaded logger
2021-06-15 09:26:20,921|INFO|26665|server|<module>|24|Initializing process API
2021-06-15 09:26:20,928|INFO|26665|server|<module>|33|Checking if the PID cache dir /Users/jblom/workspace/DANE-asr-worker/src/docker_src/pid-cache exists
2021-06-15 09:26:20,928|INFO|26665|server|<module>|38|PID cache dir already exists
2021-06-15 09:27:29,780|INFO|26735|logging_util|init_logger|35|Loaded logger
2021-06-15 09:27:29,780|INFO|26735|server|<module>|24|Initializing process API
2021-06-15 09:27:29,783|INFO|26735|server|<module>|33|Checking if the PID cache dir /Users/jblom/workspace/DANE-asr-worker/src/docker_src/pid-cache exists
2021-06-15 09:27:29,784|INFO|26735|server|<module>|38|PID cache dir already exists
2021-06-15 09:28:57,056|INFO|26899|logging_util|init_logger|35|Loaded logger
2021-06-15 09:28:57,056|INFO|26899|server|<module>|24|Initializing process API
2021-06-15 09:28:57,060|INFO|26899|server|<module>|33|Checking if the PID cache dir /Users/jblom/workspace/DANE-asr-worker/src/docker_src/pid-cache exists
2021-06-15 09:28:57,060|INFO|26899|server|<module>|38|PID cache dir already exists
2021-06-15 09:29:09,430|DEBUG|26899|process_api|put|118|Starting ASR in same thread...
2021-06-15 09:29:09,430|DEBUG|26899|process_api|process|89|running asr for PID=jaaptest
2021-06-15 09:29:09,430|DEBUG|26899|process_api|process|92|simlating ASR, but verifying the validity of the request params
2021-06-15 09:29:09,430|DEBUG|26899|process_api|process|94|/input-files/test.mp3
2021-06-15 09:29:09,431|DEBUG|26899|process_api|process|95|False
2021-06-15 09:29:14,435|DEBUG|26899|process_api|put|120|ASR done, returning response to client
2021-06-15 09:29:14,435|DEBUG|26899|process_api|put|121|{'state': 200, 'message': 'Succesfully ran ASR on test.mp3'}
2021-06-15 09:33:32,317|INFO|27206|logging_util|init_logger|35|Loaded logger
2021-06-15 09:33:32,317|INFO|27206|server|<module>|24|Initializing process API
2021-06-15 09:33:32,321|INFO|27206|server|<module>|33|Checking if the PID cache dir /Users/jblom/workspace/DANE-asr-worker/src/docker_src/pid-cache exists
2021-06-15 09:33:32,321|INFO|27206|server|<module>|38|PID cache dir already exists
2021-06-15 09:33:54,229|INFO|27227|logging_util|init_logger|35|Loaded logger
2021-06-15 09:33:54,230|INFO|27227|server|<module>|24|Initializing process API
2021-06-15 09:33:54,234|INFO|27227|server|<module>|33|Checking if the PID cache dir /Users/jblom/workspace/DANE-asr-worker/src/docker_src/pid-cache exists
2021-06-15 09:33:54,234|INFO|27227|server|<module>|38|PID cache dir already exists
2021-06-15 09:34:54,020|INFO|27293|logging_util|init_logger|35|Loaded logger
2021-06-15 09:34:54,020|INFO|27293|server|<module>|24|Initializing process API
2021-06-15 09:34:54,024|INFO|27293|server|<module>|33|Checking if the PID cache dir /Users/jblom/workspace/DANE-asr-worker/src/docker_src/pid-cache exists
2021-06-15 09:34:54,025|INFO|27293|server|<module>|38|PID cache dir already exists
2021-06-15 09:35:02,012|DEBUG|27293|process_api|put|118|Starting ASR in same thread...
2021-06-15 09:35:02,012|DEBUG|27293|process_api|process|89|running asr for PID=jaaptest
2021-06-15 09:35:02,012|DEBUG|27293|process_api|process|92|simlating ASR, but verifying the validity of the request params
2021-06-15 09:35:02,012|DEBUG|27293|process_api|process|94|/../../input-files/test.mp3
2021-06-15 09:35:02,012|DEBUG|27293|process_api|process|95|False
2021-06-15 09:35:07,013|DEBUG|27293|process_api|put|120|ASR done, returning response to client
2021-06-15 09:35:07,014|DEBUG|27293|process_api|put|121|{'state': 200, 'message': 'Succesfully ran ASR on test.mp3'}
2021-06-15 09:35:29,203|INFO|27329|logging_util|init_logger|35|Loaded logger
2021-06-15 09:35:29,203|INFO|27329|server|<module>|24|Initializing process API
2021-06-15 09:35:29,208|INFO|27329|server|<module>|33|Checking if the PID cache dir /Users/jblom/workspace/DANE-asr-worker/src/docker_src/pid-cache exists
2021-06-15 09:35:29,208|INFO|27329|server|<module>|38|PID cache dir already exists
2021-06-15 09:35:49,267|DEBUG|27329|process_api|put|118|Starting ASR in same thread...
2021-06-15 09:35:49,267|DEBUG|27329|process_api|process|89|running asr for PID=jaaptest
2021-06-15 09:35:49,267|DEBUG|27329|process_api|process|92|simlating ASR, but verifying the validity of the request params
2021-06-15 09:35:49,268|DEBUG|27329|process_api|process|94|/../../mount/input-files/ob-test.mp3
2021-06-15 09:35:49,268|DEBUG|27329|process_api|process|95|False
2021-06-15 09:35:54,272|DEBUG|27329|process_api|put|120|ASR done, returning response to client
2021-06-15 09:35:54,272|DEBUG|27329|process_api|put|121|{'state': 200, 'message': 'Succesfully ran ASR on ob-test.mp3'}
2021-06-15 09:36:16,648|INFO|27375|logging_util|init_logger|35|Loaded logger
2021-06-15 09:36:16,648|INFO|27375|server|<module>|24|Initializing process API
2021-06-15 09:36:16,652|INFO|27375|server|<module>|33|Checking if the PID cache dir /Users/jblom/workspace/DANE-asr-worker/src/docker_src/pid-cache exists
2021-06-15 09:36:16,652|INFO|27375|server|<module>|38|PID cache dir already exists
2021-06-15 09:36:25,267|DEBUG|27375|process_api|put|118|Starting ASR in same thread...
2021-06-15 09:36:25,268|DEBUG|27375|process_api|process|89|running asr for PID=jaaptest
2021-06-15 09:36:25,268|DEBUG|27375|process_api|process|92|simlating ASR, but verifying the validity of the request params
2021-06-15 09:36:25,268|DEBUG|27375|process_api|process|94|../../mount/input-files/ob-test.mp3
2021-06-15 09:36:25,268|DEBUG|27375|process_api|process|95|True
2021-06-15 09:36:30,273|DEBUG|27375|process_api|put|120|ASR done, returning response to client
2021-06-15 09:36:30,273|DEBUG|27375|process_api|put|121|{'state': 200, 'message': 'Succesfully ran ASR on ob-test.mp3'}
2021-06-15 09:42:58,137|INFO|27800|logging_util|init_logger|35|Loaded logger
2021-06-15 09:42:58,137|INFO|27800|server|<module>|24|Initializing process API
2021-06-15 09:42:58,141|INFO|27800|server|<module>|33|Checking if the PID cache dir /Users/jblom/workspace/DANE-asr-worker/src/docker_src/pid-cache exists
2021-06-15 09:42:58,141|INFO|27800|server|<module>|38|PID cache dir already exists
2021-06-15 09:44:42,361|INFO|27919|logging_util|init_logger|35|Loaded logger
2021-06-15 09:44:42,362|INFO|27919|server|<module>|24|Initializing process API
2021-06-15 09:44:42,366|INFO|27919|server|<module>|33|Checking if the PID cache dir /Users/jblom/workspace/DANE-asr-worker/src/docker_src/pid-cache exists
2021-06-15 09:44:42,366|INFO|27919|server|<module>|38|PID cache dir already exists
2021-06-15 09:44:42,736|INFO|27922|logging_util|init_logger|35|Loaded logger
2021-06-15 09:44:42,737|INFO|27922|server|<module>|24|Initializing process API
2021-06-15 09:44:42,741|INFO|27922|server|<module>|33|Checking if the PID cache dir /Users/jblom/workspace/DANE-asr-worker/src/docker_src/pid-cache exists
2021-06-15 09:44:42,741|INFO|27922|server|<module>|38|PID cache dir already exists
2021-06-15 09:44:47,035|DEBUG|27922|process_api|put|114|Starting ASR in same thread...
2021-06-15 09:44:47,036|DEBUG|27922|process_api|process|89|running asr for PID=jaaptest
2021-06-15 09:45:35,835|INFO|27976|logging_util|init_logger|35|Loaded logger
2021-06-15 09:45:35,835|INFO|27976|server|<module>|24|Initializing process API
2021-06-15 09:45:35,839|INFO|27976|server|<module>|33|Checking if the PID cache dir /Users/jblom/workspace/DANE-asr-worker/src/docker_src/pid-cache exists
2021-06-15 09:45:35,839|INFO|27976|server|<module>|38|PID cache dir already exists
2021-06-15 09:45:36,228|INFO|27978|logging_util|init_logger|35|Loaded logger
2021-06-15 09:45:36,228|INFO|27978|server|<module>|24|Initializing process API
2021-06-15 09:45:36,232|INFO|27978|server|<module>|33|Checking if the PID cache dir /Users/jblom/workspace/DANE-asr-worker/src/docker_src/pid-cache exists
2021-06-15 09:45:36,233|INFO|27978|server|<module>|38|PID cache dir already exists
2021-06-15 09:45:40,696|DEBUG|27978|process_api|put|114|Starting ASR in same thread...
2021-06-15 09:45:40,696|DEBUG|27978|process_api|process|89|running asr for PID=jaaptest
2021-06-15 09:45:40,697|DEBUG|27978|work_processor|run_simulation|23|simlating ASR, but verifying the validity of the request params
2021-06-15 09:45:40,697|DEBUG|27978|work_processor|run_simulation|24|/../../mount/input-files/ob-test.mp3
2021-06-15 09:45:40,697|DEBUG|27978|process_api|put|116|ASR done, returning response to client
2021-06-15 09:45:40,697|DEBUG|27978|process_api|put|117|{'state': 404, 'message': 'No file found at file location /../../mount/input-files/ob-test.mp3'}
2021-06-15 09:46:12,614|INFO|28251|logging_util|init_logger|35|Loaded logger
2021-06-15 09:46:12,614|INFO|28251|server|<module>|24|Initializing process API
2021-06-15 09:46:12,620|INFO|28251|server|<module>|33|Checking if the PID cache dir /Users/jblom/workspace/DANE-asr-worker/src/docker_src/pid-cache exists
2021-06-15 09:46:12,620|INFO|28251|server|<module>|38|PID cache dir already exists
2021-06-15 09:46:15,725|DEBUG|28251|process_api|put|114|Starting ASR in same thread...
2021-06-15 09:46:15,726|DEBUG|28251|process_api|process|89|running asr for PID=jaaptest
2021-06-15 09:46:15,726|DEBUG|28251|work_processor|run_simulation|23|simlating ASR, but verifying the validity of the request params
2021-06-15 09:46:15,726|DEBUG|28251|work_processor|run_simulation|24|../../mount/input-files/ob-test.mp3
2021-06-15 09:46:27,382|INFO|28364|logging_util|init_logger|35|Loaded logger
2021-06-15 09:46:27,382|INFO|28364|server|<module>|24|Initializing process API
2021-06-15 09:46:27,388|INFO|28364|server|<module>|33|Checking if the PID cache dir /Users/jblom/workspace/DANE-asr-worker/src/docker_src/pid-cache exists
2021-06-15 09:46:27,389|INFO|28364|server|<module>|38|PID cache dir already exists
2021-06-15 09:46:30,943|INFO|28376|logging_util|init_logger|35|Loaded logger
2021-06-15 09:46:30,943|INFO|28376|server|<module>|24|Initializing process API
2021-06-15 09:46:30,948|INFO|28376|server|<module>|33|Checking if the PID cache dir /Users/jblom/workspace/DANE-asr-worker/src/docker_src/pid-cache exists
2021-06-15 09:46:30,948|INFO|28376|server|<module>|38|PID cache dir already exists
2021-06-15 09:46:33,680|DEBUG|28376|process_api|put|113|Starting ASR in same thread...
2021-06-15 09:46:33,680|DEBUG|28376|process_api|process|88|running asr for PID=jaaptest
2021-06-15 09:46:33,680|DEBUG|28376|work_processor|run_simulation|24|simlating ASR, but verifying the validity of the request params
2021-06-15 09:46:33,680|DEBUG|28376|work_processor|run_simulation|25|../../mount/input-files/ob-test.mp3
2021-06-15 09:47:56,409|INFO|28469|logging_util|init_logger|35|Loaded logger
2021-06-15 09:47:56,410|INFO|28469|server|<module>|24|Initializing process API
2021-06-15 09:47:56,413|INFO|28469|server|<module>|33|Checking if the PID cache dir /Users/jblom/workspace/DANE-asr-worker/src/docker_src/pid-cache exists
2021-06-15 09:47:56,414|INFO|28469|server|<module>|38|PID cache dir already exists
2021-06-15 09:48:03,013|INFO|28481|logging_util|init_logger|35|Loaded logger
2021-06-15 09:48:03,013|INFO|28481|server|<module>|24|Initializing process API
2021-06-15 09:48:03,020|INFO|28481|server|<module>|33|Checking if the PID cache dir /Users/jblom/workspace/DANE-asr-worker/src/docker_src/pid-cache exists
2021-06-15 09:48:03,021|INFO|28481|server|<module>|38|PID cache dir already exists
2021-06-15 09:48:05,042|DEBUG|28481|process_api|put|112|Starting ASR in same thread...
2021-06-15 09:48:05,042|DEBUG|28481|process_api|process|88|running asr for PID=jaaptest
2021-06-15 09:48:05,042|DEBUG|28481|work_processor|run_simulation|24|simlating ASR, but verifying the validity of the request params
2021-06-15 09:48:05,042|DEBUG|28481|work_processor|run_simulation|25|../../mount/input-files/ob-test.mp3
2021-06-15 09:48:10,046|DEBUG|28481|process_api|put|114|ASR done, returning response to client
2021-06-15 09:48:10,046|DEBUG|28481|process_api|put|115|None
2021-06-15 09:48:49,460|INFO|28529|logging_util|init_logger|35|Loaded logger
2021-06-15 09:48:49,461|INFO|28529|server|<module>|24|Initializing process API
2021-06-15 09:48:49,466|INFO|28529|server|<module>|33|Checking if the PID cache dir /Users/jblom/workspace/DANE-asr-worker/src/docker_src/pid-cache exists
2021-06-15 09:48:49,466|INFO|28529|server|<module>|38|PID cache dir already exists
2021-06-15 09:48:51,110|DEBUG|28529|process_api|put|112|Starting ASR in same thread...
2021-06-15 09:48:51,110|DEBUG|28529|process_api|process|88|running asr for PID=jaaptest
2021-06-15 09:48:51,110|DEBUG|28529|work_processor|run_simulation|24|simlating ASR, but verifying the validity of the request params
2021-06-15 09:48:51,111|DEBUG|28529|work_processor|run_simulation|25|../../mount/input-files/ob-test.mp3
2021-06-15 09:48:56,112|DEBUG|28529|process_api|put|114|ASR done, returning response to client
2021-06-15 09:48:56,112|DEBUG|28529|process_api|put|115|{'state': 200, 'message': 'Succesfully ran ASR on ../../mount/input-files/ob-test.mp3'}
2021-06-15 09:53:40,751|INFO|28837|logging_util|init_logger|35|Loaded logger
2021-06-15 09:53:40,751|INFO|28837|server|<module>|24|Initializing process API
2021-06-15 09:53:40,755|INFO|28837|server|<module>|33|Checking if the PID cache dir /Users/jblom/workspace/DANE-asr-worker/src/docker_src/pid-cache exists
2021-06-15 09:53:40,755|INFO|28837|server|<module>|38|PID cache dir already exists
2021-06-15 09:53:49,374|INFO|28853|logging_util|init_logger|35|Loaded logger
2021-06-15 09:53:49,375|INFO|28853|server|<module>|24|Initializing process API
2021-06-15 09:53:49,379|INFO|28853|server|<module>|33|Checking if the PID cache dir /Users/jblom/workspace/DANE-asr-worker/src/docker_src/pid-cache exists
2021-06-15 09:53:49,379|INFO|28853|server|<module>|38|PID cache dir already exists
2021-06-15 09:54:05,144|INFO|28866|logging_util|init_logger|35|Loaded logger
2021-06-15 09:54:05,145|INFO|28866|server|<module>|24|Initializing process API
2021-06-15 09:54:05,148|INFO|28866|server|<module>|33|Checking if the PID cache dir /Users/jblom/workspace/DANE-asr-worker/src/docker_src/pid-cache exists
2021-06-15 09:54:05,148|INFO|28866|server|<module>|38|PID cache dir already exists
2021-06-15 09:54:37,262|INFO|28904|logging_util|init_logger|35|Loaded logger
2021-06-15 09:54:37,262|INFO|28904|server|<module>|24|Initializing process API
2021-06-15 09:54:37,265|INFO|28904|server|<module>|33|Checking if the PID cache dir /Users/jblom/workspace/DANE-asr-worker/src/docker_src/pid-cache exists
2021-06-15 09:54:37,266|INFO|28904|server|<module>|38|PID cache dir already exists
2021-06-15 09:55:38,979|INFO|28977|logging_util|init_logger|35|Loaded logger
2021-06-15 09:55:38,979|INFO|28977|server|<module>|24|Initializing process API
2021-06-15 09:55:38,983|INFO|28977|server|<module>|33|Checking if the PID cache dir /Users/jblom/workspace/DANE-asr-worker/src/docker_src/pid-cache exists
2021-06-15 09:55:38,983|INFO|28977|server|<module>|38|PID cache dir already exists
2021-06-15 09:55:44,564|INFO|28985|logging_util|init_logger|35|Loaded logger
2021-06-15 09:55:44,564|INFO|28985|server|<module>|24|Initializing process API
2021-06-15 09:55:44,569|INFO|28985|server|<module>|33|Checking if the PID cache dir /Users/jblom/workspace/DANE-asr-worker/src/docker_src/pid-cache exists
2021-06-15 09:55:44,569|INFO|28985|server|<module>|38|PID cache dir already exists
2021-06-15 09:57:22,262|INFO|29083|logging_util|init_logger|35|Loaded logger
2021-06-15 09:57:22,262|INFO|29083|server|<module>|24|Initializing process API
2021-06-15 09:57:22,266|INFO|29083|server|<module>|33|Checking if the PID cache dir /Users/jblom/workspace/DANE-asr-worker/src/docker_src/pid-cache exists
2021-06-15 09:57:22,266|INFO|29083|server|<module>|38|PID cache dir already exists
2021-06-15 09:57:24,799|INFO|29086|logging_util|init_logger|35|Loaded logger
2021-06-15 09:57:24,800|INFO|29086|server|<module>|24|Initializing process API
2021-06-15 09:57:24,804|INFO|29086|server|<module>|33|Checking if the PID cache dir /Users/jblom/workspace/DANE-asr-worker/src/docker_src/pid-cache exists
2021-06-15 09:57:24,804|INFO|29086|server|<module>|38|PID cache dir already exists
2021-06-15 09:58:04,072|INFO|29142|logging_util|init_logger|35|Loaded logger
2021-06-15 09:58:04,072|INFO|29142|server|<module>|24|Initializing process API
2021-06-15 09:58:04,076|INFO|29142|server|<module>|33|Checking if the PID cache dir /Users/jblom/workspace/DANE-asr-worker/src/docker_src/pid-cache exists
2021-06-15 09:58:04,076|INFO|29142|server|<module>|38|PID cache dir already exists
2021-06-15 09:58:09,599|DEBUG|29142|process_api|process|97|Starting ASR in same thread...
2021-06-15 09:58:09,599|DEBUG|29142|process_api|process|98|running asr for PID=jaaptest
2021-06-15 09:58:09,599|DEBUG|29142|work_processor|run_simulation|24|simlating ASR, but verifying the validity of the request params
2021-06-15 09:58:09,599|DEBUG|29142|work_processor|run_simulation|25|../../mount/input-files/ob-test.mp3
2021-06-15 11:07:55,577|INFO|33804|logging_util|init_logger|35|Loaded logger
2021-06-15 11:07:55,578|INFO|33804|server|<module>|24|Initializing process API
2021-06-15 11:07:55,583|INFO|33804|server|<module>|33|Checking if the PID cache dir /Users/jblom/workspace/DANE-asr-worker/src/docker_src/pid-cache exists
2021-06-15 11:07:55,584|INFO|33804|server|<module>|38|PID cache dir already exists
2021-06-15 11:15:58,265|INFO|34379|logging_util|init_logger|35|Loaded logger
2021-06-15 11:15:58,265|INFO|34379|server|<module>|24|Initializing process API
2021-06-15 11:15:58,270|INFO|34379|server|<module>|33|Checking if the PID cache dir /Users/jblom/workspace/DANE-asr-worker/src/docker_src/pid-cache exists
2021-06-15 11:15:58,270|INFO|34379|server|<module>|38|PID cache dir already exists
2021-06-15 11:17:41,941|INFO|34482|logging_util|init_logger|35|Loaded logger
2021-06-15 11:17:41,941|INFO|34482|server|<module>|24|Initializing process API
2021-06-15 11:17:41,948|INFO|34482|server|<module>|33|Checking if the PID cache dir /Users/jblom/workspace/DANE-asr-worker/src/docker_src/pid-cache exists
2021-06-15 11:17:41,948|INFO|34482|server|<module>|38|PID cache dir already exists
2021-06-15 11:18:28,453|INFO|34527|logging_util|init_logger|35|Loaded logger
2021-06-15 11:18:28,453|INFO|34527|server|<module>|24|Initializing process API
2021-06-15 11:18:28,457|INFO|34527|server|<module>|33|Checking if the PID cache dir /Users/jblom/workspace/DANE-asr-worker/src/docker_src/pid-cache exists
2021-06-15 11:18:28,457|INFO|34527|server|<module>|38|PID cache dir already exists
2021-06-15 11:18:46,304|INFO|34548|logging_util|init_logger|35|Loaded logger
2021-06-15 11:18:46,304|INFO|34548|server|<module>|24|Initializing process API
2021-06-15 11:18:46,308|INFO|34548|server|<module>|33|Checking if the PID cache dir /Users/jblom/workspace/DANE-asr-worker/src/docker_src/pid-cache exists
2021-06-15 11:18:46,308|INFO|34548|server|<module>|38|PID cache dir already exists
2021-06-15 11:19:00,081|INFO|34570|logging_util|init_logger|35|Loaded logger
2021-06-15 11:19:00,081|INFO|34570|server|<module>|24|Initializing process API
2021-06-15 11:19:00,085|INFO|34570|server|<module>|33|Checking if the PID cache dir /Users/jblom/workspace/DANE-asr-worker/src/docker_src/pid-cache exists
2021-06-15 11:19:00,085|INFO|34570|server|<module>|38|PID cache dir already exists
2021-06-15 11:20:23,303|INFO|34653|logging_util|init_logger|35|Loaded logger
2021-06-15 11:20:23,303|INFO|34653|server|<module>|24|Initializing process API
2021-06-15 11:20:23,307|INFO|34653|server|<module>|33|Checking if the PID cache dir /Users/jblom/workspace/DANE-asr-worker/src/docker_src/pid-cache exists
2021-06-15 11:20:23,307|INFO|34653|server|<module>|38|PID cache dir already exists
2021-06-15 11:20:30,985|INFO|34665|logging_util|init_logger|35|Loaded logger
2021-06-15 11:20:30,986|INFO|34665|server|<module>|24|Initializing process API
2021-06-15 11:20:30,990|INFO|34665|server|<module>|33|Checking if the PID cache dir /Users/jblom/workspace/DANE-asr-worker/src/docker_src/pid-cache exists
2021-06-15 11:20:30,990|INFO|34665|server|<module>|38|PID cache dir already exists
2021-06-15 11:20:44,781|INFO|34679|logging_util|init_logger|35|Loaded logger
2021-06-15 11:20:44,781|INFO|34679|server|<module>|24|Initializing process API
2021-06-15 11:20:44,785|INFO|34679|server|<module>|33|Checking if the PID cache dir /Users/jblom/workspace/DANE-asr-worker/src/docker_src/pid-cache exists
2021-06-15 11:20:44,786|INFO|34679|server|<module>|38|PID cache dir already exists
2021-06-15 11:21:11,842|INFO|34711|logging_util|init_logger|35|Loaded logger
2021-06-15 11:21:11,842|INFO|34711|server|<module>|24|Initializing process API
2021-06-15 11:21:11,846|INFO|34711|server|<module>|33|Checking if the PID cache dir /Users/jblom/workspace/DANE-asr-worker/src/docker_src/pid-cache exists
2021-06-15 11:21:11,846|INFO|34711|server|<module>|38|PID cache dir already exists
2021-06-15 11:21:15,348|INFO|34716|logging_util|init_logger|35|Loaded logger
2021-06-15 11:21:15,348|INFO|34716|server|<module>|24|Initializing process API
2021-06-15 11:21:15,353|INFO|34716|server|<module>|33|Checking if the PID cache dir /Users/jblom/workspace/DANE-asr-worker/src/docker_src/pid-cache exists
2021-06-15 11:21:15,353|INFO|34716|server|<module>|38|PID cache dir already exists
2021-06-15 11:21:19,959|INFO|34723|logging_util|init_logger|35|Loaded logger
2021-06-15 11:21:19,960|INFO|34723|server|<module>|24|Initializing process API
2021-06-15 11:21:19,963|INFO|34723|server|<module>|33|Checking if the PID cache dir /Users/jblom/workspace/DANE-asr-worker/src/docker_src/pid-cache exists
2021-06-15 11:21:19,964|INFO|34723|server|<module>|38|PID cache dir already exists
2021-06-15 11:21:24,538|INFO|34728|logging_util|init_logger|35|Loaded logger
2021-06-15 11:21:24,538|INFO|34728|server|<module>|24|Initializing process API
2021-06-15 11:21:24,543|INFO|34728|server|<module>|33|Checking if the PID cache dir /Users/jblom/workspace/DANE-asr-worker/src/docker_src/pid-cache exists
2021-06-15 11:21:24,543|INFO|34728|server|<module>|38|PID cache dir already exists
2021-06-15 11:21:27,050|INFO|34733|logging_util|init_logger|35|Loaded logger
2021-06-15 11:21:27,050|INFO|34733|server|<module>|24|Initializing process API
2021-06-15 11:21:27,054|INFO|34733|server|<module>|33|Checking if the PID cache dir /Users/jblom/workspace/DANE-asr-worker/src/docker_src/pid-cache exists
2021-06-15 11:21:27,055|INFO|34733|server|<module>|38|PID cache dir already exists
2021-06-15 11:21:45,910|INFO|34753|logging_util|init_logger|35|Loaded logger
2021-06-15 11:21:45,910|INFO|34753|server|<module>|24|Initializing process API
2021-06-15 11:21:45,914|INFO|34753|server|<module>|33|Checking if the PID cache dir /Users/jblom/workspace/DANE-asr-worker/src/docker_src/pid-cache exists
2021-06-15 11:21:45,915|INFO|34753|server|<module>|38|PID cache dir already exists
2021-06-15 11:22:26,205|INFO|34797|logging_util|init_logger|35|Loaded logger
2021-06-15 11:22:26,205|INFO|34797|server|<module>|24|Initializing process API
2021-06-15 11:22:26,209|INFO|34797|server|<module>|33|Checking if the PID cache dir /Users/jblom/workspace/DANE-asr-worker/src/docker_src/pid-cache exists
2021-06-15 11:22:26,210|INFO|34797|server|<module>|38|PID cache dir already exists
2021-06-15 11:22:27,688|INFO|34800|logging_util|init_logger|35|Loaded logger
2021-06-15 11:22:27,689|INFO|34800|server|<module>|24|Initializing process API
2021-06-15 11:22:27,692|INFO|34800|server|<module>|33|Checking if the PID cache dir /Users/jblom/workspace/DANE-asr-worker/src/docker_src/pid-cache exists
2021-06-15 11:22:27,692|INFO|34800|server|<module>|38|PID cache dir already exists
2021-06-15 11:23:33,509|INFO|34872|logging_util|init_logger|35|Loaded logger
2021-06-15 11:23:33,509|INFO|34872|server|<module>|24|Initializing process API
2021-06-15 11:23:33,513|INFO|34872|server|<module>|33|Checking if the PID cache dir /Users/jblom/workspace/DANE-asr-worker/src/docker_src/pid-cache exists
2021-06-15 11:23:33,513|INFO|34872|server|<module>|38|PID cache dir already exists
2021-06-15 11:23:55,398|INFO|34894|logging_util|init_logger|35|Loaded logger
2021-06-15 11:23:55,399|INFO|34894|server|<module>|24|Initializing process API
2021-06-15 11:23:55,403|INFO|34894|server|<module>|33|Checking if the PID cache dir /Users/jblom/workspace/DANE-asr-worker/src/docker_src/pid-cache exists
2021-06-15 11:23:55,403|INFO|34894|server|<module>|38|PID cache dir already exists
2021-06-15 11:24:27,542|INFO|34926|logging_util|init_logger|35|Loaded logger
2021-06-15 11:24:27,542|INFO|34926|server|<module>|24|Initializing process API
2021-06-15 11:24:27,547|INFO|34926|server|<module>|33|Checking if the PID cache dir /Users/jblom/workspace/DANE-asr-worker/src/docker_src/pid-cache exists
2021-06-15 11:24:27,547|INFO|34926|server|<module>|38|PID cache dir already exists
2021-06-15 11:24:32,515|DEBUG|34926|process_api|_process|92|Starting ASR in same thread...
2021-06-15 11:24:32,515|DEBUG|34926|process_api|_process|93|running asr for PID=jaaptest
2021-06-15 11:24:32,515|DEBUG|34926|work_processor|run_simulation|24|simlating ASR, but verifying the validity of the request params
2021-06-15 11:24:32,515|DEBUG|34926|work_processor|run_simulation|25|../../mount/input-files/ob-test.mp3
2021-06-15 11:25:00,994|INFO|34970|logging_util|init_logger|35|Loaded logger
2021-06-15 11:25:00,995|INFO|34970|server|<module>|24|Initializing process API
2021-06-15 11:25:00,998|INFO|34970|server|<module>|33|Checking if the PID cache dir /Users/jblom/workspace/DANE-asr-worker/src/docker_src/pid-cache exists
2021-06-15 11:25:00,998|INFO|34970|server|<module>|38|PID cache dir already exists
2021-06-15 11:25:01,391|INFO|34971|logging_util|init_logger|35|Loaded logger
2021-06-15 11:25:01,391|INFO|34971|server|<module>|24|Initializing process API
2021-06-15 11:25:01,395|INFO|34971|server|<module>|33|Checking if the PID cache dir /Users/jblom/workspace/DANE-asr-worker/src/docker_src/pid-cache exists
2021-06-15 11:25:01,395|INFO|34971|server|<module>|38|PID cache dir already exists
2021-06-15 11:25:34,543|INFO|35005|logging_util|init_logger|35|Loaded logger
2021-06-15 11:25:34,544|INFO|35005|server|<module>|24|Initializing process API
2021-06-15 11:25:34,547|INFO|35005|server|<module>|33|Checking if the PID cache dir /Users/jblom/workspace/DANE-asr-worker/src/docker_src/pid-cache exists
2021-06-15 11:25:34,548|INFO|35005|server|<module>|38|PID cache dir already exists
2021-06-15 11:26:49,630|INFO|35154|logging_util|init_logger|35|Loaded logger
2021-06-15 11:26:49,630|INFO|35154|server|<module>|24|Initializing process API
2021-06-15 11:26:49,634|INFO|35154|server|<module>|33|Checking if the PID cache dir /Users/jblom/workspace/DANE-asr-worker/src/docker_src/pid-cache exists
2021-06-15 11:26:49,634|INFO|35154|server|<module>|38|PID cache dir already exists
2021-06-15 11:26:52,146|INFO|35160|logging_util|init_logger|35|Loaded logger
2021-06-15 11:26:52,146|INFO|35160|server|<module>|24|Initializing process API
2021-06-15 11:26:52,149|INFO|35160|server|<module>|33|Checking if the PID cache dir /Users/jblom/workspace/DANE-asr-worker/src/docker_src/pid-cache exists
2021-06-15 11:26:52,150|INFO|35160|server|<module>|38|PID cache dir already exists
2021-06-15 11:32:51,121|INFO|35552|logging_util|init_logger|35|Loaded logger
2021-06-15 11:32:51,121|INFO|35552|server|<module>|24|Initializing process API
2021-06-15 11:32:51,125|INFO|35552|server|<module>|33|Checking if the PID cache dir /Users/jblom/workspace/DANE-asr-worker/src/docker_src/pid-cache exists
2021-06-15 11:32:51,125|INFO|35552|server|<module>|38|PID cache dir already exists
2021-06-15 11:33:48,812|INFO|35607|logging_util|init_logger|35|Loaded logger
2021-06-15 11:33:48,812|INFO|35607|server|<module>|24|Initializing process API
2021-06-15 11:33:48,817|INFO|35607|server|<module>|33|Checking if the PID cache dir /Users/jblom/workspace/DANE-asr-worker/src/docker_src/pid-cache exists
2021-06-15 11:33:48,817|INFO|35607|server|<module>|38|PID cache dir already exists
2021-06-15 11:34:18,886|INFO|35643|logging_util|init_logger|35|Loaded logger
2021-06-15 11:34:18,886|INFO|35643|server|<module>|24|Initializing process API
2021-06-15 11:34:18,890|INFO|35643|server|<module>|33|Checking if the PID cache dir /Users/jblom/workspace/DANE-asr-worker/src/docker_src/pid-cache exists
2021-06-15 11:34:18,891|INFO|35643|server|<module>|38|PID cache dir already exists
2021-06-15 11:44:42,804|INFO|36283|logging_util|init_logger|35|Loaded logger
2021-06-15 11:44:42,804|INFO|36283|server|<module>|24|Initializing process API
2021-06-15 11:44:42,809|INFO|36283|server|<module>|33|Checking if the PID cache dir /Users/jblom/workspace/DANE-asr-worker/src/docker_src/pid-cache exists
2021-06-15 11:44:42,809|INFO|36283|server|<module>|38|PID cache dir already exists
2021-06-15 11:48:50,578|INFO|36607|logging_util|init_logger|35|Loaded logger
2021-06-15 11:48:50,578|INFO|36607|server|<module>|24|Initializing process API
2021-06-15 11:48:50,582|INFO|36607|server|<module>|33|Checking if the PID cache dir /Users/jblom/workspace/DANE-asr-worker/src/docker_src/pid-cache exists
2021-06-15 11:48:50,582|INFO|36607|server|<module>|38|PID cache dir already exists
2021-06-15 11:49:18,618|INFO|36637|logging_util|init_logger|35|Loaded logger
2021-06-15 11:49:18,618|INFO|36637|server|<module>|24|Initializing process API
2021-06-15 11:49:18,622|INFO|36637|server|<module>|33|Checking if the PID cache dir /Users/jblom/workspace/DANE-asr-worker/src/docker_src/pid-cache exists
2021-06-15 11:49:18,622|INFO|36637|server|<module>|38|PID cache dir already exists
2021-06-15 11:49:23,177|INFO|36642|logging_util|init_logger|35|Loaded logger
2021-06-15 11:49:23,178|INFO|36642|server|<module>|24|Initializing process API
2021-06-15 11:49:23,182|INFO|36642|server|<module>|33|Checking if the PID cache dir /Users/jblom/workspace/DANE-asr-worker/src/docker_src/pid-cache exists
2021-06-15 11:49:23,182|INFO|36642|server|<module>|38|PID cache dir already exists
2021-06-15 11:51:05,803|INFO|36748|logging_util|init_logger|35|Loaded logger
2021-06-15 11:51:05,803|INFO|36748|server|<module>|24|Initializing process API
2021-06-15 11:51:05,810|INFO|36748|server|<module>|33|Checking if the PID cache dir /Users/jblom/workspace/DANE-asr-worker/src/docker_src/pid-cache exists
2021-06-15 11:51:05,810|INFO|36748|server|<module>|38|PID cache dir already exists
2021-06-15 11:51:12,392|INFO|36760|logging_util|init_logger|35|Loaded logger
2021-06-15 11:51:12,392|INFO|36760|server|<module>|24|Initializing process API
2021-06-15 11:51:12,397|INFO|36760|server|<module>|33|Checking if the PID cache dir /Users/jblom/workspace/DANE-asr-worker/src/docker_src/pid-cache exists
2021-06-15 11:51:12,397|INFO|36760|server|<module>|38|PID cache dir already exists
2021-06-15 11:51:37,390|INFO|36784|logging_util|init_logger|35|Loaded logger
2021-06-15 11:51:37,391|INFO|36784|server|<module>|24|Initializing process API
2021-06-15 11:51:37,395|INFO|36784|server|<module>|33|Checking if the PID cache dir /Users/jblom/workspace/DANE-asr-worker/src/docker_src/pid-cache exists
2021-06-15 11:51:37,395|INFO|36784|server|<module>|38|PID cache dir already exists
2021-06-15 11:52:02,409|INFO|36809|logging_util|init_logger|35|Loaded logger
2021-06-15 11:52:02,409|INFO|36809|server|<module>|24|Initializing process API
2021-06-15 11:52:02,413|INFO|36809|server|<module>|33|Checking if the PID cache dir /Users/jblom/workspace/DANE-asr-worker/src/docker_src/pid-cache exists
2021-06-15 11:52:02,413|INFO|36809|server|<module>|38|PID cache dir already exists
2021-06-15 11:52:10,087|INFO|36825|logging_util|init_logger|35|Loaded logger
2021-06-15 11:52:10,087|INFO|36825|server|<module>|24|Initializing process API
2021-06-15 11:52:10,092|INFO|36825|server|<module>|33|Checking if the PID cache dir /Users/jblom/workspace/DANE-asr-worker/src/docker_src/pid-cache exists
2021-06-15 11:52:10,092|INFO|36825|server|<module>|38|PID cache dir already exists
2021-06-15 11:52:18,716|INFO|36833|logging_util|init_logger|35|Loaded logger
2021-06-15 11:52:18,716|INFO|36833|server|<module>|24|Initializing process API
2021-06-15 11:52:18,720|INFO|36833|server|<module>|33|Checking if the PID cache dir /Users/jblom/workspace/DANE-asr-worker/src/docker_src/pid-cache exists
2021-06-15 11:52:18,721|INFO|36833|server|<module>|38|PID cache dir already exists
2021-06-15 11:52:42,671|INFO|36877|logging_util|init_logger|35|Loaded logger
2021-06-15 11:52:42,671|INFO|36877|server|<module>|24|Initializing process API
2021-06-15 11:52:42,675|INFO|36877|server|<module>|33|Checking if the PID cache dir /Users/jblom/workspace/DANE-asr-worker/src/docker_src/pid-cache exists
2021-06-15 11:52:42,675|INFO|36877|server|<module>|38|PID cache dir already exists
2021-06-15 11:52:58,468|INFO|36897|logging_util|init_logger|35|Loaded logger
2021-06-15 11:52:58,468|INFO|36897|server|<module>|24|Initializing process API
2021-06-15 11:52:58,472|INFO|36897|server|<module>|33|Checking if the PID cache dir /Users/jblom/workspace/DANE-asr-worker/src/docker_src/pid-cache exists
2021-06-15 11:52:58,472|INFO|36897|server|<module>|38|PID cache dir already exists
2021-06-15 11:53:19,313|INFO|36921|logging_util|init_logger|35|Loaded logger
2021-06-15 11:53:19,313|INFO|36921|server|<module>|24|Initializing process API
2021-06-15 11:53:19,317|INFO|36921|server|<module>|33|Checking if the PID cache dir /Users/jblom/workspace/DANE-asr-worker/src/docker_src/pid-cache exists
2021-06-15 11:53:19,317|INFO|36921|server|<module>|38|PID cache dir already exists
2021-06-15 11:53:41,250|INFO|36943|logging_util|init_logger|35|Loaded logger
2021-06-15 11:53:41,250|INFO|36943|server|<module>|24|Initializing process API
2021-06-15 11:53:41,255|INFO|36943|server|<module>|33|Checking if the PID cache dir /Users/jblom/workspace/DANE-asr-worker/src/docker_src/pid-cache exists
2021-06-15 11:53:41,255|INFO|36943|server|<module>|38|PID cache dir already exists
2021-06-15 11:54:50,252|INFO|37020|logging_util|init_logger|35|Loaded logger
2021-06-15 11:54:50,252|INFO|37020|server|<module>|24|Initializing process API
2021-06-15 11:54:50,256|INFO|37020|server|<module>|33|Checking if the PID cache dir /Users/jblom/workspace/DANE-asr-worker/src/docker_src/pid-cache exists
2021-06-15 11:54:50,256|INFO|37020|server|<module>|38|PID cache dir already exists
2021-06-15 11:55:10,109|INFO|37053|logging_util|init_logger|35|Loaded logger
2021-06-15 11:55:10,109|INFO|37053|server|<module>|24|Initializing process API
2021-06-15 11:55:10,113|INFO|37053|server|<module>|33|Checking if the PID cache dir /Users/jblom/workspace/DANE-asr-worker/src/docker_src/pid-cache exists
2021-06-15 11:55:10,114|INFO|37053|server|<module>|38|PID cache dir already exists
2021-06-15 11:55:27,949|INFO|37069|logging_util|init_logger|35|Loaded logger
2021-06-15 11:55:27,949|INFO|37069|server|<module>|24|Initializing process API
2021-06-15 11:55:27,953|INFO|37069|server|<module>|33|Checking if the PID cache dir /Users/jblom/workspace/DANE-asr-worker/src/docker_src/pid-cache exists
2021-06-15 11:55:27,953|INFO|37069|server|<module>|38|PID cache dir already exists
2021-06-15 11:55:49,854|INFO|37097|logging_util|init_logger|35|Loaded logger
2021-06-15 11:55:49,854|INFO|37097|server|<module>|24|Initializing process API
2021-06-15 11:55:49,858|INFO|37097|server|<module>|33|Checking if the PID cache dir /Users/jblom/workspace/DANE-asr-worker/src/docker_src/pid-cache exists
2021-06-15 11:55:49,858|INFO|37097|server|<module>|38|PID cache dir already exists
2021-06-15 11:55:51,368|INFO|37102|logging_util|init_logger|35|Loaded logger
2021-06-15 11:55:51,368|INFO|37102|server|<module>|24|Initializing process API
2021-06-15 11:55:51,372|INFO|37102|server|<module>|33|Checking if the PID cache dir /Users/jblom/workspace/DANE-asr-worker/src/docker_src/pid-cache exists
2021-06-15 11:55:51,372|INFO|37102|server|<module>|38|PID cache dir already exists
2021-06-15 11:56:50,672|DEBUG|37102|process_api|_process|92|Starting ASR in same thread...
2021-06-15 11:56:50,672|DEBUG|37102|process_api|_process|93|running asr for PID=jaaptest
2021-06-15 11:56:50,672|DEBUG|37102|work_processor|run_simulation|26|simlating ASR, but verifying the validity of the request params
2021-06-15 11:56:50,673|DEBUG|37102|work_processor|run_simulation|27|../../mount/input-files/ob-test.mp3
2021-06-15 11:57:22,819|INFO|37190|logging_util|init_logger|35|Loaded logger
2021-06-15 11:57:22,819|INFO|37190|server|<module>|24|Initializing process API
2021-06-15 11:57:22,825|INFO|37190|server|<module>|33|Checking if the PID cache dir /Users/jblom/workspace/DANE-asr-worker/src/docker_src/pid-cache exists
2021-06-15 11:57:22,825|INFO|37190|server|<module>|38|PID cache dir already exists
2021-06-15 11:57:41,711|INFO|37212|logging_util|init_logger|35|Loaded logger
2021-06-15 11:57:41,711|INFO|37212|server|<module>|24|Initializing process API
2021-06-15 11:57:41,715|INFO|37212|server|<module>|33|Checking if the PID cache dir /Users/jblom/workspace/DANE-asr-worker/src/docker_src/pid-cache exists
2021-06-15 11:57:41,715|INFO|37212|server|<module>|38|PID cache dir already exists
2021-06-15 11:58:10,751|INFO|37260|logging_util|init_logger|35|Loaded logger
2021-06-15 11:58:10,752|INFO|37260|server|<module>|24|Initializing process API
2021-06-15 11:58:10,756|INFO|37260|server|<module>|33|Checking if the PID cache dir /Users/jblom/workspace/DANE-asr-worker/src/docker_src/pid-cache exists
2021-06-15 11:58:10,756|INFO|37260|server|<module>|38|PID cache dir already exists
2021-06-15 11:58:20,372|INFO|37284|logging_util|init_logger|35|Loaded logger
2021-06-15 11:58:20,372|INFO|37284|server|<module>|24|Initializing process API
2021-06-15 11:58:20,375|INFO|37284|server|<module>|33|Checking if the PID cache dir /Users/jblom/workspace/DANE-asr-worker/src/docker_src/pid-cache exists
2021-06-15 11:58:20,376|INFO|37284|server|<module>|38|PID cache dir already exists
2021-06-15 11:58:39,108|INFO|37306|logging_util|init_logger|35|Loaded logger
2021-06-15 11:58:39,109|INFO|37306|server|<module>|24|Initializing process API
2021-06-15 11:58:39,112|INFO|37306|server|<module>|33|Checking if the PID cache dir /Users/jblom/workspace/DANE-asr-worker/src/docker_src/pid-cache exists
2021-06-15 11:58:39,112|INFO|37306|server|<module>|38|PID cache dir already exists
2021-06-15 11:58:54,773|INFO|37328|logging_util|init_logger|35|Loaded logger
2021-06-15 11:58:54,774|INFO|37328|server|<module>|24|Initializing process API
2021-06-15 11:58:54,777|INFO|37328|server|<module>|33|Checking if the PID cache dir /Users/jblom/workspace/DANE-asr-worker/src/docker_src/pid-cache exists
2021-06-15 11:58:54,777|INFO|37328|server|<module>|38|PID cache dir already exists
2021-06-15 11:58:59,305|INFO|37333|logging_util|init_logger|35|Loaded logger
2021-06-15 11:58:59,305|INFO|37333|server|<module>|24|Initializing process API
2021-06-15 11:58:59,310|INFO|37333|server|<module>|33|Checking if the PID cache dir /Users/jblom/workspace/DANE-asr-worker/src/docker_src/pid-cache exists
2021-06-15 11:58:59,310|INFO|37333|server|<module>|38|PID cache dir already exists
2021-06-15 11:59:30,463|INFO|37375|logging_util|init_logger|35|Loaded logger
2021-06-15 11:59:30,463|INFO|37375|server|<module>|24|Initializing process API
2021-06-15 11:59:30,466|INFO|37375|server|<module>|33|Checking if the PID cache dir /Users/jblom/workspace/DANE-asr-worker/src/docker_src/pid-cache exists
2021-06-15 11:59:30,467|INFO|37375|server|<module>|38|PID cache dir already exists
2021-06-15 11:59:30,812|INFO|37376|logging_util|init_logger|35|Loaded logger
2021-06-15 11:59:30,812|INFO|37376|server|<module>|24|Initializing process API
2021-06-15 11:59:30,815|INFO|37376|server|<module>|33|Checking if the PID cache dir /Users/jblom/workspace/DANE-asr-worker/src/docker_src/pid-cache exists
2021-06-15 11:59:30,815|INFO|37376|server|<module>|38|PID cache dir already exists
2021-06-15 11:59:33,936|DEBUG|37376|process_api|_process|90|Starting ASR in same thread...
2021-06-15 11:59:33,936|DEBUG|37376|process_api|_process|91|running asr for PID=jaaptest
2021-06-15 11:59:33,936|DEBUG|37376|work_processor|run_simulation|26|simlating ASR, but verifying the validity of the request params
2021-06-15 11:59:33,937|DEBUG|37376|work_processor|run_simulation|27|../../mount/input-files/ob-test.mp3
2021-06-15 12:00:25,606|DEBUG|37376|process_api|_process_async|70|Processing mode = async; saving the pid to file
2021-06-15 12:00:51,658|INFO|37464|logging_util|init_logger|35|Loaded logger
2021-06-15 12:00:51,659|INFO|37464|server|<module>|24|Initializing process API
2021-06-15 12:00:51,662|INFO|37464|server|<module>|33|Checking if the PID cache dir /Users/jblom/workspace/DANE-asr-worker/src/docker_src/pid-cache exists
2021-06-15 12:00:51,663|INFO|37464|server|<module>|38|PID cache dir already exists
2021-06-15 12:00:56,162|INFO|37473|logging_util|init_logger|35|Loaded logger
2021-06-15 12:00:56,162|INFO|37473|server|<module>|24|Initializing process API
2021-06-15 12:00:56,166|INFO|37473|server|<module>|33|Checking if the PID cache dir /Users/jblom/workspace/DANE-asr-worker/src/docker_src/pid-cache exists
2021-06-15 12:00:56,167|INFO|37473|server|<module>|38|PID cache dir already exists
2021-06-15 12:01:03,058|DEBUG|37473|process_api|_process_async|70|starting ASR in different thread...
2021-06-15 12:01:03,059|DEBUG|37473|process_api|_process|88|Starting ASR in same thread...
2021-06-15 12:01:03,060|DEBUG|37473|process_api|_process|89|running asr for PID=jaaptest
2021-06-15 12:01:03,060|DEBUG|37473|work_processor|run_simulation|26|simlating ASR, but verifying the validity of the request params
2021-06-15 12:01:03,060|DEBUG|37473|work_processor|run_simulation|27|../../mount/input-files/ob-test.mp3
2021-06-15 12:02:58,566|INFO|37600|logging_util|init_logger|35|Loaded logger
2021-06-15 12:02:58,566|INFO|37600|server|<module>|24|Initializing process API
2021-06-15 12:02:58,569|INFO|37600|server|<module>|33|Checking if the PID cache dir /Users/jblom/workspace/DANE-asr-worker/src/docker_src/pid-cache exists
2021-06-15 12:02:58,569|INFO|37600|server|<module>|38|PID cache dir already exists
2021-06-15 12:03:05,584|DEBUG|37600|process_api|_process_async|70|starting ASR in different thread...
2021-06-15 12:03:05,584|DEBUG|37600|process_api|_process|88|Starting ASR in same thread...
2021-06-15 12:03:05,585|DEBUG|37600|process_api|_process|89|running asr for PID=jaaptest
2021-06-15 12:03:05,585|DEBUG|37600|work_processor|run_simulation|26|simlating ASR, but verifying the validity of the request params
2021-06-15 12:03:05,585|DEBUG|37600|work_processor|run_simulation|27|../../mount/input-files/ob-test.mp3
2021-06-15 12:03:36,604|INFO|37640|logging_util|init_logger|35|Loaded logger
2021-06-15 12:03:36,604|INFO|37640|server|<module>|24|Initializing process API
2021-06-15 12:03:36,608|INFO|37640|server|<module>|33|Checking if the PID cache dir /Users/jblom/workspace/DANE-asr-worker/src/docker_src/pid-cache exists
2021-06-15 12:03:36,608|INFO|37640|server|<module>|38|PID cache dir already exists
2021-06-15 12:03:47,016|DEBUG|37640|process_api|_process_async|70|starting ASR in different thread...
2021-06-15 12:03:47,016|DEBUG|37640|process_api|_process|88|Starting ASR in same thread...
2021-06-15 12:03:47,017|DEBUG|37640|process_api|_process|89|running asr for PID=jaaptest
2021-06-15 12:03:47,017|DEBUG|37640|work_processor|run_simulation|26|simlating ASR, but verifying the validity of the request params
2021-06-15 12:03:47,018|DEBUG|37640|work_processor|run_simulation|27|../../mount/input-files/ob-test.mp3
2021-06-15 12:04:06,993|DEBUG|37640|process_api|_process_async|70|starting ASR in different thread...
2021-06-15 12:04:06,993|DEBUG|37640|process_api|_process|88|Starting ASR in same thread...
2021-06-15 12:04:06,994|DEBUG|37640|process_api|_process|89|running asr for PID=jaaptest
2021-06-15 12:04:06,994|DEBUG|37640|work_processor|run_simulation|26|simlating ASR, but verifying the validity of the request params
2021-06-15 12:04:06,995|DEBUG|37640|work_processor|run_simulation|27|../../mount/input-files/ob-test.mp3
2021-06-15 12:04:57,552|DEBUG|37640|work_processor|poll_pid_status|86|Getting status for pid jaaptest
2021-06-15 12:05:02,401|DEBUG|37640|work_processor|poll_pid_status|86|Getting status for pid jaaptest
2021-06-15 13:10:48,720|DEBUG|37640|work_processor|poll_pid_status|86|Getting status for pid jaaptest
2021-06-15 13:10:51,710|DEBUG|37640|work_processor|poll_pid_status|86|Getting status for pid jaaptest
2021-06-15 13:14:43,868|INFO|39460|logging_util|init_logger|35|Loaded logger
2021-06-15 13:14:43,868|INFO|39460|server|<module>|24|Initializing process API
2021-06-15 13:14:43,872|INFO|39460|server|<module>|33|Checking if the PID cache dir /Users/jblom/workspace/DANE-asr-worker/src/docker_src/pid-cache exists
2021-06-15 13:14:43,872|INFO|39460|server|<module>|38|PID cache dir already exists
2021-06-15 13:14:55,632|DEBUG|39460|work_processor|poll_pid_status|86|Getting status for pid jaaptest
2021-06-15 13:15:21,911|INFO|39501|logging_util|init_logger|35|Loaded logger
2021-06-15 13:15:21,911|INFO|39501|server|<module>|24|Initializing process API
2021-06-15 13:15:21,914|INFO|39501|server|<module>|33|Checking if the PID cache dir /Users/jblom/workspace/DANE-asr-worker/src/docker_src/pid-cache exists
2021-06-15 13:15:21,915|INFO|39501|server|<module>|38|PID cache dir already exists
2021-06-15 13:15:23,726|DEBUG|39501|work_processor|poll_pid_status|86|Getting status for pid jaaptest
2021-06-15 13:15:27,409|DEBUG|39501|work_processor|poll_pid_status|86|Getting status for pid jaaptest
2021-06-15 13:15:35,048|DEBUG|39501|process_api|_process_async|71|starting ASR in different thread...
2021-06-15 13:15:35,049|DEBUG|39501|process_api|_process|89|Starting ASR in same thread...
2021-06-15 13:15:35,050|DEBUG|39501|process_api|_process|90|running asr for PID=jaaptest2
2021-06-15 13:15:35,050|DEBUG|39501|work_processor|run_simulation|26|simlating ASR, but verifying the validity of the request params
2021-06-15 13:15:35,050|DEBUG|39501|work_processor|run_simulation|27|../../mount/input-files/ob-test.mp3
2021-06-15 13:15:40,258|DEBUG|39501|work_processor|poll_pid_status|86|Getting status for pid jaaptest2
2021-06-15 13:15:42,619|DEBUG|39501|work_processor|poll_pid_status|86|Getting status for pid jaaptest2
2021-06-15 13:15:43,837|DEBUG|39501|work_processor|poll_pid_status|86|Getting status for pid jaaptest2
2021-06-15 13:18:32,658|INFO|39694|logging_util|init_logger|35|Loaded logger
2021-06-15 13:18:32,659|INFO|39694|server|<module>|24|Initializing process API
2021-06-15 13:18:32,662|INFO|39694|server|<module>|33|Checking if the PID cache dir /Users/jblom/workspace/DANE-asr-worker/src/docker_src/pid-cache exists
2021-06-15 13:18:32,663|INFO|39694|server|<module>|38|PID cache dir already exists
2021-06-15 13:18:48,014|DEBUG|39694|process_api|_process_async|71|starting ASR in different thread...
2021-06-15 13:18:48,014|DEBUG|39694|process_api|_process|89|Starting ASR in same thread...
2021-06-15 13:18:48,015|DEBUG|39694|process_api|_process|90|running asr for PID=jaaptest2
2021-06-15 13:18:48,016|DEBUG|39694|work_processor|run_simulation|26|simlating ASR, but verifying the validity of the request params
2021-06-15 13:18:48,016|DEBUG|39694|work_processor|run_simulation|27|../../mount/input-files/ob-test.mp3
2021-06-15 13:18:50,597|DEBUG|39694|work_processor|poll_pid_status|90|Getting status for pid jaaptest2
2021-06-15 13:20:01,666|INFO|39783|logging_util|init_logger|35|Loaded logger
2021-06-15 13:20:01,666|INFO|39783|server|<module>|24|Initializing process API
2021-06-15 13:20:01,670|INFO|39783|server|<module>|33|Checking if the PID cache dir /Users/jblom/workspace/DANE-asr-worker/src/docker_src/pid-cache exists
2021-06-15 13:20:01,670|INFO|39783|server|<module>|38|PID cache dir already exists
2021-06-15 13:20:17,333|INFO|39804|logging_util|init_logger|35|Loaded logger
2021-06-15 13:20:17,333|INFO|39804|server|<module>|24|Initializing process API
2021-06-15 13:20:17,337|INFO|39804|server|<module>|33|Checking if the PID cache dir /Users/jblom/workspace/DANE-asr-worker/src/docker_src/pid-cache exists
2021-06-15 13:20:17,337|INFO|39804|server|<module>|38|PID cache dir already exists
2021-06-15 13:20:25,875|INFO|39819|logging_util|init_logger|35|Loaded logger
2021-06-15 13:20:25,876|INFO|39819|server|<module>|24|Initializing process API
2021-06-15 13:20:25,879|INFO|39819|server|<module>|33|Checking if the PID cache dir /Users/jblom/workspace/DANE-asr-worker/src/docker_src/pid-cache exists
2021-06-15 13:20:25,880|INFO|39819|server|<module>|38|PID cache dir already exists
2021-06-15 13:20:45,578|INFO|39839|logging_util|init_logger|35|Loaded logger
2021-06-15 13:20:45,578|INFO|39839|server|<module>|24|Initializing process API
2021-06-15 13:20:45,581|INFO|39839|server|<module>|33|Checking if the PID cache dir /Users/jblom/workspace/DANE-asr-worker/src/docker_src/pid-cache exists
2021-06-15 13:20:45,582|INFO|39839|server|<module>|38|PID cache dir already exists
2021-06-15 13:20:49,198|DEBUG|39839|process_api|_process_async|71|starting ASR in different thread...
2021-06-15 13:20:49,198|DEBUG|39839|process_api|_process|89|Starting ASR in same thread...
2021-06-15 13:20:49,199|DEBUG|39839|process_api|_process|90|running asr for PID=jaaptest2
2021-06-15 13:20:49,199|DEBUG|39839|work_processor|run_simulation|26|simlating ASR, but verifying the validity of the request params
2021-06-15 13:20:49,199|DEBUG|39839|work_processor|run_simulation|27|../../mount/input-files/ob-test.mp3
2021-06-15 13:20:51,399|DEBUG|39839|work_processor|poll_pid_status|90|Getting status for pid jaaptest2
2021-06-15 13:20:53,139|DEBUG|39839|work_processor|poll_pid_status|90|Getting status for pid jaaptest2
2021-06-15 13:22:05,384|DEBUG|39839|process_api|_process_async|71|starting ASR in different thread...
2021-06-15 13:22:05,385|DEBUG|39839|process_api|_process|89|Starting ASR in same thread...
2021-06-15 13:22:05,385|DEBUG|39839|process_api|_process|90|running asr for PID=jaaptest2
2021-06-15 13:22:05,385|DEBUG|39839|work_processor|run_simulation|26|simlating ASR, but verifying the validity of the request params
2021-06-15 13:22:05,386|DEBUG|39839|work_processor|run_simulation|27|../../mount/input-files/ob-test.mp3
2021-06-15 13:22:24,815|INFO|39938|logging_util|init_logger|35|Loaded logger
2021-06-15 13:22:24,815|INFO|39938|server|<module>|24|Initializing process API
2021-06-15 13:22:24,819|INFO|39938|server|<module>|33|Checking if the PID cache dir /Users/jblom/workspace/DANE-asr-worker/src/docker_src/pid-cache exists
2021-06-15 13:22:24,819|INFO|39938|server|<module>|38|PID cache dir already exists
2021-06-15 13:22:30,045|DEBUG|39938|process_api|_process_async|71|starting ASR in different thread...
2021-06-15 13:22:30,046|DEBUG|39938|process_api|_process|89|Starting ASR in same thread...
2021-06-15 13:22:30,047|DEBUG|39938|process_api|_process|90|running asr for PID=jaaptest2
2021-06-15 13:22:30,047|DEBUG|39938|work_processor|run_simulation|26|simlating ASR, but verifying the validity of the request params
2021-06-15 13:22:30,048|DEBUG|39938|work_processor|run_simulation|27|../../mount/input-files/ob-test.mp3
2021-06-15 13:22:33,063|DEBUG|39938|work_processor|poll_pid_status|90|Getting status for pid jaaptest2
2021-06-15 13:22:35,183|DEBUG|39938|work_processor|poll_pid_status|90|Getting status for pid jaaptest2
2021-06-15 13:22:56,838|DEBUG|39938|process_api|_process_async|71|starting ASR in different thread...
2021-06-15 13:22:56,838|DEBUG|39938|process_api|_process|89|Starting ASR in same thread...
2021-06-15 13:22:56,839|DEBUG|39938|process_api|_process|90|running asr for PID=jaaptest3
2021-06-15 13:22:56,839|DEBUG|39938|work_processor|run_simulation|26|simlating ASR, but verifying the validity of the request params
2021-06-15 13:22:56,839|DEBUG|39938|work_processor|run_simulation|27|../../mount/input-files/ob-test.mp3
2021-06-15 13:22:59,939|DEBUG|39938|work_processor|poll_pid_status|90|Getting status for pid jaaptest3
2021-06-15 13:23:26,235|INFO|40003|logging_util|init_logger|35|Loaded logger
2021-06-15 13:23:26,236|INFO|40003|server|<module>|24|Initializing process API
2021-06-15 13:23:26,239|INFO|40003|server|<module>|33|Checking if the PID cache dir /Users/jblom/workspace/DANE-asr-worker/src/docker_src/pid-cache exists
2021-06-15 13:23:26,239|INFO|40003|server|<module>|38|PID cache dir already exists
2021-06-15 13:23:38,838|DEBUG|40003|process_api|_process_async|71|starting ASR in different thread...
2021-06-15 13:23:38,838|DEBUG|40003|process_api|_process|89|Starting ASR in same thread...
2021-06-15 13:23:38,840|DEBUG|40003|process_api|_process|90|running asr for PID=jaaptest4
2021-06-15 13:23:38,840|DEBUG|40003|work_processor|run_simulation|26|simlating ASR, but verifying the validity of the request params
2021-06-15 13:23:38,840|DEBUG|40003|work_processor|run_simulation|27|../../mount/input-files/ob-test.mp3
2021-06-15 13:23:45,053|DEBUG|40003|work_processor|poll_pid_status|90|Getting status for pid jaaptest4
2021-06-15 13:23:56,254|DEBUG|40003|process_api|_process_async|71|starting ASR in different thread...
2021-06-15 13:23:56,254|DEBUG|40003|process_api|_process|89|Starting ASR in same thread...
2021-06-15 13:23:56,254|DEBUG|40003|process_api|_process|90|running asr for PID=jaaptest4
2021-06-15 13:23:56,255|DEBUG|40003|work_processor|run_simulation|26|simlating ASR, but verifying the validity of the request params
2021-06-15 13:23:56,255|DEBUG|40003|work_processor|run_simulation|27|../../mount/input-files/ob-test.mp3
2021-06-15 13:23:58,092|DEBUG|40003|work_processor|poll_pid_status|90|Getting status for pid jaaptest4
2021-06-15 13:24:53,160|DEBUG|40003|process_api|_process_async|71|starting ASR in different thread...
2021-06-15 13:24:53,160|DEBUG|40003|process_api|_process|89|Starting ASR in same thread...
2021-06-15 13:24:53,161|DEBUG|40003|process_api|_process|90|running asr for PID=jaaptest4
2021-06-15 13:24:53,161|DEBUG|40003|work_processor|run_simulation|26|simlating ASR, but verifying the validity of the request params
2021-06-15 13:24:53,161|DEBUG|40003|work_processor|run_simulation|27|../../mount/input-files/ob-testje.mp3
2021-06-15 13:24:57,430|DEBUG|40003|work_processor|poll_pid_status|90|Getting status for pid jaaptest4
2021-06-15 13:28:33,140|INFO|40317|logging_util|init_logger|35|Loaded logger
2021-06-15 13:28:33,141|INFO|40317|server|<module>|24|Initializing process API
2021-06-15 13:28:33,144|INFO|40317|server|<module>|33|Checking if the PID cache dir /Users/jblom/workspace/DANE-asr-worker/src/docker_src/pid-cache exists
2021-06-15 13:28:33,144|INFO|40317|server|<module>|38|PID cache dir already exists
2021-06-15 13:28:35,566|INFO|40322|logging_util|init_logger|35|Loaded logger
2021-06-15 13:28:35,566|INFO|40322|server|<module>|24|Initializing process API
2021-06-15 13:28:35,570|INFO|40322|server|<module>|33|Checking if the PID cache dir /Users/jblom/workspace/DANE-asr-worker/src/docker_src/pid-cache exists
2021-06-15 13:28:35,570|INFO|40322|server|<module>|38|PID cache dir already exists
2021-06-15 13:29:25,886|INFO|40390|logging_util|init_logger|35|Loaded logger
2021-06-15 13:29:25,886|INFO|40390|server|<module>|24|Initializing process API
2021-06-15 13:29:25,890|INFO|40390|server|<module>|33|Checking if the PID cache dir /Users/jblom/workspace/DANE-asr-worker/src/docker_src/pid-cache exists
2021-06-15 13:29:25,890|INFO|40390|server|<module>|38|PID cache dir already exists
2021-06-15 13:33:03,107|INFO|40681|logging_util|init_logger|35|Loaded logger
2021-06-15 13:33:03,107|INFO|40681|server|<module>|24|Initializing process API
2021-06-15 13:33:03,110|INFO|40681|server|<module>|33|Checking if the PID cache dir /Users/jblom/workspace/DANE-asr-worker/src/docker_src/pid-cache exists
2021-06-15 13:33:03,111|INFO|40681|server|<module>|38|PID cache dir already exists
2021-06-15 13:33:15,735|INFO|40697|logging_util|init_logger|35|Loaded logger
2021-06-15 13:33:15,735|INFO|40697|server|<module>|24|Initializing process API
2021-06-15 13:33:15,738|INFO|40697|server|<module>|33|Checking if the PID cache dir /Users/jblom/workspace/DANE-asr-worker/src/docker_src/pid-cache exists
2021-06-15 13:33:15,739|INFO|40697|server|<module>|38|PID cache dir already exists
2021-06-15 13:33:21,208|INFO|40704|logging_util|init_logger|35|Loaded logger
2021-06-15 13:33:21,208|INFO|40704|server|<module>|24|Initializing process API
2021-06-15 13:33:21,212|INFO|40704|server|<module>|33|Checking if the PID cache dir /Users/jblom/workspace/DANE-asr-worker/src/docker_src/pid-cache exists
2021-06-15 13:33:21,212|INFO|40704|server|<module>|38|PID cache dir already exists
2021-06-15 14:16:17,892|INFO|43533|logging_util|init_logger|35|Loaded logger
2021-06-15 14:16:17,892|INFO|43533|server|<module>|24|Initializing process API
2021-06-15 14:16:17,896|INFO|43533|server|<module>|33|Checking if the PID cache dir /Users/jblom/workspace/DANE-asr-worker/src/docker_src/pid-cache exists
2021-06-15 14:16:17,897|INFO|43533|server|<module>|38|PID cache dir already exists
2021-06-15 14:16:18,224|INFO|43534|logging_util|init_logger|35|Loaded logger
2021-06-15 14:16:18,224|INFO|43534|server|<module>|24|Initializing process API
2021-06-15 14:16:18,228|INFO|43534|server|<module>|33|Checking if the PID cache dir /Users/jblom/workspace/DANE-asr-worker/src/docker_src/pid-cache exists
2021-06-15 14:16:18,228|INFO|43534|server|<module>|38|PID cache dir already exists
2021-06-15 14:32:49,894|INFO|44623|logging_util|init_logger|35|Loaded logger
2021-06-15 14:32:49,894|INFO|44623|server|<module>|24|Initializing process API
2021-06-15 14:32:49,898|INFO|44623|server|<module>|33|Checking if the PID cache dir /Users/jblom/workspace/DANE-asr-worker/src/docker_src/pid-cache exists
2021-06-15 14:32:49,898|INFO|44623|server|<module>|38|PID cache dir already exists
2021-06-15 14:58:03,442|INFO|46358|logging_util|init_logger|35|Loaded logger
2021-06-15 14:58:03,442|INFO|46358|server|<module>|24|Initializing process API
2021-06-15 14:58:03,445|INFO|46358|server|<module>|33|Checking if the PID cache dir /Users/jblom/workspace/DANE-asr-worker/src/docker_src/pid-cache exists
2021-06-15 14:58:03,446|INFO|46358|server|<module>|38|PID cache dir already exists
2021-06-15 15:48:27,762|INFO|48993|logging_util|init_logger|35|Loaded logger
2021-06-15 15:48:27,763|INFO|48993|server|<module>|24|Initializing process API
2021-06-15 15:48:27,767|INFO|48993|server|<module>|33|Checking if the PID cache dir /Users/jblom/workspace/DANE-asr-worker/src/docker_src/pid-cache exists
2021-06-15 15:48:27,767|INFO|48993|server|<module>|38|PID cache dir already exists
2021-06-15 15:49:35,380|INFO|49065|logging_util|init_logger|35|Loaded logger
2021-06-15 15:49:35,380|INFO|49065|server|<module>|24|Initializing process API
2021-06-15 15:49:35,384|INFO|49065|server|<module>|33|Checking if the PID cache dir /Users/jblom/workspace/DANE-asr-worker/src/docker_src/pid-cache exists
2021-06-15 15:49:35,384|INFO|49065|server|<module>|38|PID cache dir already exists
2021-06-15 15:49:48,062|INFO|49081|logging_util|init_logger|35|Loaded logger
2021-06-15 15:49:48,063|INFO|49081|server|<module>|24|Initializing process API
2021-06-15 15:49:48,067|INFO|49081|server|<module>|33|Checking if the PID cache dir /Users/jblom/workspace/DANE-asr-worker/src/docker_src/pid-cache exists
2021-06-15 15:49:48,067|INFO|49081|server|<module>|38|PID cache dir already exists
2021-06-15 15:52:08,067|INFO|49218|logging_util|init_logger|35|Loaded logger
2021-06-15 15:52:08,067|INFO|49218|server|<module>|24|Initializing process API
2021-06-15 15:52:08,071|INFO|49218|server|<module>|33|Checking if the PID cache dir /Users/jblom/workspace/DANE-asr-worker/src/docker_src/pid-cache exists
2021-06-15 15:52:08,072|INFO|49218|server|<module>|38|PID cache dir already exists
2021-06-15 15:52:29,883|INFO|49244|logging_util|init_logger|35|Loaded logger
2021-06-15 15:52:29,883|INFO|49244|server|<module>|24|Initializing process API
2021-06-15 15:52:29,887|INFO|49244|server|<module>|33|Checking if the PID cache dir /Users/jblom/workspace/DANE-asr-worker/src/docker_src/pid-cache exists
2021-06-15 15:52:29,887|INFO|49244|server|<module>|38|PID cache dir already exists
2021-06-15 15:52:45,602|INFO|49276|logging_util|init_logger|35|Loaded logger
2021-06-15 15:52:45,602|INFO|49276|server|<module>|24|Initializing process API
2021-06-15 15:52:45,606|INFO|49276|server|<module>|33|Checking if the PID cache dir /Users/jblom/workspace/DANE-asr-worker/src/docker_src/pid-cache exists
2021-06-15 15:52:45,606|INFO|49276|server|<module>|38|PID cache dir already exists
2021-06-15 16:06:49,132|INFO|50226|logging_util|init_logger|35|Loaded logger
2021-06-15 16:06:49,132|INFO|50226|server|<module>|24|Initializing process API
2021-06-15 16:06:49,136|INFO|50226|server|<module>|33|Checking if the PID cache dir /Users/jblom/workspace/DANE-asr-worker/src/docker_src/pid-cache exists
2021-06-15 16:06:49,136|INFO|50226|server|<module>|38|PID cache dir already exists
2021-06-15 16:07:56,691|INFO|50310|logging_util|init_logger|35|Loaded logger
2021-06-15 16:07:56,691|INFO|50310|server|<module>|24|Initializing process API
2021-06-15 16:07:56,695|INFO|50310|server|<module>|33|Checking if the PID cache dir /Users/jblom/workspace/DANE-asr-worker/src/docker_src/pid-cache exists
2021-06-15 16:07:56,695|INFO|50310|server|<module>|38|PID cache dir already exists
2021-07-07 09:45:10,038|INFO|77407|logging_util|init_logger|35|Loaded logger
2021-07-07 09:45:10,038|INFO|77407|server|<module>|24|Initializing process API
2021-07-07 09:45:10,043|INFO|77407|server|<module>|33|Checking if the PID cache dir /Users/jblom/workspace/DANE-asr-worker/asr_api/pid-cache exists
2021-07-07 09:45:10,043|INFO|77407|server|<module>|38|PID cache dir already exists
2021-07-07 09:45:10,412|INFO|77408|logging_util|init_logger|35|Loaded logger
2021-07-07 09:45:10,412|INFO|77408|server|<module>|24|Initializing process API
2021-07-07 09:45:10,415|INFO|77408|server|<module>|33|Checking if the PID cache dir /Users/jblom/workspace/DANE-asr-worker/asr_api/pid-cache exists
2021-07-07 09:45:10,416|INFO|77408|server|<module>|38|PID cache dir already exists
2021-07-15 10:42:36,428|INFO|10505|logging_util|init_logger|35|Loaded logger
2021-07-15 10:42:36,437|INFO|10505|server|<module>|24|Initializing process API
2021-07-15 10:42:36,441|INFO|10505|server|<module>|33|Checking if the PID cache dir /Users/jblom/workspace/DANE-kaldi-nl-api/pid-cache exists
2021-07-15 10:42:36,441|INFO|10505|server|<module>|38|PID cache dir already exists
2021-07-15 10:42:36,708|INFO|10506|logging_util|init_logger|35|Loaded logger
2021-07-15 10:42:36,708|INFO|10506|server|<module>|24|Initializing process API
2021-07-15 10:42:36,712|INFO|10506|server|<module>|33|Checking if the PID cache dir /Users/jblom/workspace/DANE-kaldi-nl-api/pid-cache exists
2021-07-15 10:42:36,712|INFO|10506|server|<module>|38|PID cache dir already exists
2021-07-15 10:42:46,642|INFO|10524|logging_util|init_logger|35|Loaded logger
2021-07-15 10:42:46,642|INFO|10524|server|<module>|24|Initializing process API
2021-07-15 10:42:46,646|INFO|10524|server|<module>|33|Checking if the PID cache dir /Users/jblom/workspace/DANE-kaldi-nl-api/pid-cache exists
2021-07-15 10:42:46,646|INFO|10524|server|<module>|38|PID cache dir already exists
2021-07-15 10:42:46,896|INFO|10525|logging_util|init_logger|35|Loaded logger
2021-07-15 10:42:46,896|INFO|10525|server|<module>|24|Initializing process API
2021-07-15 10:42:46,900|INFO|10525|server|<module>|33|Checking if the PID cache dir /Users/jblom/workspace/DANE-kaldi-nl-api/pid-cache exists
2021-07-15 10:42:46,900|INFO|10525|server|<module>|38|PID cache dir already exists
2021-07-15 10:43:37,793|INFO|10573|logging_util|init_logger|35|Loaded logger
2021-07-15 10:43:37,793|INFO|10573|server|<module>|24|Initializing process API
2021-07-15 10:43:37,798|INFO|10573|server|<module>|33|Checking if the PID cache dir /Users/jblom/workspace/DANE-kaldi-nl-api/pid-cache exists
2021-07-15 10:43:37,799|INFO|10573|server|<module>|38|PID cache dir already exists
2021-07-15 10:45:58,982|INFO|10727|logging_util|init_logger|35|Loaded logger
2021-07-15 10:45:58,983|INFO|10727|server|<module>|25|Initializing process API
2021-07-15 10:45:58,988|INFO|10727|server|<module>|34|Checking if the PID cache dir /Users/jblom/workspace/DANE-kaldi-nl-api/pid-cache exists
2021-07-15 10:45:58,988|INFO|10727|server|<module>|39|PID cache dir already exists
2021-07-15 11:00:34,787|INFO|11334|logging_util|init_logger|35|Loaded logger
2021-07-15 11:00:34,788|INFO|11334|server|<module>|25|Initializing process API
2021-07-15 11:02:33,643|INFO|11615|logging_util|init_logger|35|Loaded logger
2021-07-15 11:02:33,643|INFO|11615|server|<module>|25|Initializing process API
2021-07-15 11:10:58,435|INFO|12158|logging_util|init_logger|35|Loaded logger
2021-07-15 11:10:58,436|INFO|12158|server|<module>|26|Initializing process API
2021-07-15 11:11:20,316|INFO|12182|logging_util|init_logger|35|Loaded logger
2021-07-15 11:11:20,316|INFO|12182|server|<module>|26|Initializing process API
2021-07-15 11:11:20,321|DEBUG|12182|server|validate_data_dirs|70|[Errno 17] File exists: 'mount/input-files'
2021-07-15 11:11:20,322|INFO|12182|server|init_cache_dir|44|Checking if the PID cache dir /Users/jblom/workspace/DANE-kaldi-nl-api/pid-cache exists
2021-07-15 11:11:20,322|INFO|12182|server|init_cache_dir|49|PID cache dir already exists
2021-07-15 11:11:20,604|INFO|12185|logging_util|init_logger|35|Loaded logger
2021-07-15 11:11:20,605|INFO|12185|server|<module>|26|Initializing process API
2021-07-15 11:11:20,609|DEBUG|12185|server|validate_data_dirs|70|[Errno 17] File exists: 'mount/input-files'
2021-07-15 11:11:20,610|INFO|12185|server|init_cache_dir|44|Checking if the PID cache dir /Users/jblom/workspace/DANE-kaldi-nl-api/pid-cache exists
2021-07-15 11:11:20,610|INFO|12185|server|init_cache_dir|49|PID cache dir already exists
2021-07-15 11:11:45,187|INFO|12208|logging_util|init_logger|35|Loaded logger
2021-07-15 11:11:45,187|INFO|12208|server|<module>|26|Initializing process API
2021-07-15 11:11:45,191|DEBUG|12208|server|validate_data_dirs|70|[Errno 17] File exists: 'mount/input-files'
2021-07-15 11:11:45,191|INFO|12208|server|init_cache_dir|44|Checking if the PID cache dir /Users/jblom/workspace/DANE-kaldi-nl-api/pid-cache exists
2021-07-15 11:11:45,192|INFO|12208|server|init_cache_dir|49|PID cache dir already exists
2021-07-15 11:11:56,267|INFO|12224|logging_util|init_logger|35|Loaded logger
2021-07-15 11:11:56,267|INFO|12224|server|<module>|26|Initializing process API
2021-07-15 11:11:56,271|DEBUG|12224|server|validate_data_dirs|70|[Errno 17] File exists: 'mount/input-files'
2021-07-15 11:11:56,272|INFO|12224|server|init_cache_dir|44|Checking if the PID cache dir /Users/jblom/workspace/DANE-kaldi-nl-api/pid-cache exists
2021-07-15 11:11:56,272|INFO|12224|server|init_cache_dir|49|PID cache dir already exists
2021-07-15 11:11:56,520|INFO|12225|logging_util|init_logger|35|Loaded logger
2021-07-15 11:11:56,520|INFO|12225|server|<module>|26|Initializing process API
2021-07-15 11:11:56,525|DEBUG|12225|server|validate_data_dirs|70|[Errno 17] File exists: 'mount/input-files'
2021-07-15 11:11:56,525|INFO|12225|server|init_cache_dir|44|Checking if the PID cache dir /Users/jblom/workspace/DANE-kaldi-nl-api/pid-cache exists
2021-07-15 11:11:56,525|INFO|12225|server|init_cache_dir|49|PID cache dir already exists
2021-07-15 11:14:30,819|INFO|12448|logging_util|init_logger|35|Loaded logger
2021-07-15 11:14:30,820|INFO|12448|server|<module>|26|Initializing process API
2021-07-15 11:14:30,825|DEBUG|12448|server|validate_data_dirs|68|[Errno 17] File exists: 'mount/input-files'
2021-07-15 11:14:30,825|DEBUG|12448|server|validate_data_dirs|71|created ASR output dir: ./mount/asr-output
2021-07-15 11:14:30,825|INFO|12448|server|init_cache_dir|44|Checking if the PID cache dir /Users/jblom/workspace/DANE-kaldi-nl-api/pid-cache exists
2021-07-15 11:14:30,825|INFO|12448|server|init_cache_dir|49|PID cache dir already exists
2021-07-15 11:15:16,694|INFO|12500|logging_util|init_logger|35|Loaded logger
2021-07-15 11:15:16,695|INFO|12500|server|<module>|26|Initializing process API
2021-07-15 11:15:16,698|DEBUG|12500|server|validate_data_dirs|68|[Errno 17] File exists: 'mount/input-files'
2021-07-15 11:15:16,699|DEBUG|12500|server|validate_data_dirs|74|[Errno 17] File exists: 'mount/asr-output'
2021-07-15 11:15:16,699|INFO|12500|server|init_cache_dir|44|Checking if the PID cache dir /Users/jblom/workspace/DANE-kaldi-nl-api/pid-cache exists
2021-07-15 11:15:16,699|INFO|12500|server|init_cache_dir|49|PID cache dir already exists
2021-07-15 11:18:05,016|INFO|12679|logging_util|init_logger|35|Loaded logger
2021-07-15 11:18:05,017|INFO|12679|server|<module>|26|Initializing process API
2021-07-15 11:18:05,021|DEBUG|12679|server|validate_data_dirs|68|[Errno 17] File exists: 'mount/input-files'
2021-07-15 11:18:05,021|DEBUG|12679|server|validate_data_dirs|74|[Errno 17] File exists: 'mount/asr-output'
2021-07-15 11:18:05,021|INFO|12679|server|init_cache_dir|44|Checking if the PID cache dir /Users/jblom/workspace/DANE-kaldi-nl-api/pid-cache exists
2021-07-15 11:18:05,022|INFO|12679|server|init_cache_dir|49|PID cache dir already exists
2021-07-15 11:33:07,628|INFO|13728|logging_util|init_logger|35|Loaded logger
2021-07-15 11:33:07,629|INFO|13728|server|<module>|27|Initializing process API
2021-07-15 11:33:07,633|DEBUG|13728|server|validate_data_dirs|65|[Errno 17] File exists: 'mount/input-files'
2021-07-15 11:33:07,633|DEBUG|13728|server|validate_data_dirs|71|[Errno 17] File exists: 'mount/asr-output'
2021-07-15 11:33:07,634|INFO|13728|server|init_cache_dir|45|Checking if the PID cache dir /Users/jblom/workspace/DANE-kaldi-nl-api/pid-cache exists
2021-07-15 11:33:07,634|INFO|13728|server|init_cache_dir|50|PID cache dir already exists
2021-07-15 11:33:07,880|INFO|13731|logging_util|init_logger|35|Loaded logger
2021-07-15 11:33:07,880|INFO|13731|server|<module>|27|Initializing process API
2021-07-15 11:33:07,884|DEBUG|13731|server|validate_data_dirs|65|[Errno 17] File exists: 'mount/input-files'
2021-07-15 11:33:07,884|DEBUG|13731|server|validate_data_dirs|71|[Errno 17] File exists: 'mount/asr-output'
2021-07-15 11:33:07,885|INFO|13731|server|init_cache_dir|45|Checking if the PID cache dir /Users/jblom/workspace/DANE-kaldi-nl-api/pid-cache exists
2021-07-15 11:33:07,885|INFO|13731|server|init_cache_dir|50|PID cache dir already exists
2021-07-15 11:33:26,107|INFO|13750|logging_util|init_logger|35|Loaded logger
2021-07-15 11:33:26,107|INFO|13750|server|<module>|27|Initializing process API
2021-07-15 11:33:26,111|DEBUG|13750|server|validate_data_dirs|63|created ASR input dir: mount/input-files
2021-07-15 11:33:26,111|DEBUG|13750|server|validate_data_dirs|69|created ASR output dir: mount/asr-output
2021-07-15 11:33:26,111|INFO|13750|server|init_cache_dir|45|Checking if the PID cache dir /Users/jblom/workspace/DANE-kaldi-nl-api/pid-cache exists
2021-07-15 11:33:26,111|INFO|13750|server|init_cache_dir|50|PID cache dir already exists
2021-07-15 11:33:26,368|INFO|13751|logging_util|init_logger|35|Loaded logger
2021-07-15 11:33:26,368|INFO|13751|server|<module>|27|Initializing process API
2021-07-15 11:33:26,372|DEBUG|13751|server|validate_data_dirs|65|[Errno 17] File exists: 'mount/input-files'
2021-07-15 11:33:26,372|DEBUG|13751|server|validate_data_dirs|71|[Errno 17] File exists: 'mount/asr-output'
2021-07-15 11:33:26,372|INFO|13751|server|init_cache_dir|45|Checking if the PID cache dir /Users/jblom/workspace/DANE-kaldi-nl-api/pid-cache exists
2021-07-15 11:33:26,373|INFO|13751|server|init_cache_dir|50|PID cache dir already exists
2021-07-15 11:33:59,170|INFO|13787|logging_util|init_logger|35|Loaded logger
2021-07-15 11:33:59,170|INFO|13787|server|<module>|27|Initializing process API
2021-07-15 11:33:59,175|DEBUG|13787|server|validate_data_dirs|65|[Errno 17] File exists: 'mount/input-files'
2021-07-15 11:33:59,175|DEBUG|13787|server|validate_data_dirs|71|[Errno 17] File exists: 'mount/asr-output'
2021-07-15 11:33:59,175|INFO|13787|server|init_cache_dir|45|Checking if the PID cache dir /Users/jblom/workspace/DANE-kaldi-nl-api/pid-cache exists
2021-07-15 11:33:59,175|INFO|13787|server|init_cache_dir|50|PID cache dir already exists
2021-07-15 11:33:59,421|INFO|13788|logging_util|init_logger|35|Loaded logger
2021-07-15 11:33:59,421|INFO|13788|server|<module>|27|Initializing process API
2021-07-15 11:33:59,425|DEBUG|13788|server|validate_data_dirs|65|[Errno 17] File exists: 'mount/input-files'
2021-07-15 11:33:59,425|DEBUG|13788|server|validate_data_dirs|71|[Errno 17] File exists: 'mount/asr-output'
2021-07-15 11:33:59,425|INFO|13788|server|init_cache_dir|45|Checking if the PID cache dir /Users/jblom/workspace/DANE-kaldi-nl-api/pid-cache exists
2021-07-15 11:33:59,426|INFO|13788|server|init_cache_dir|50|PID cache dir already exists
2021-07-15 11:34:19,102|INFO|13810|logging_util|init_logger|35|Loaded logger
2021-07-15 11:34:19,103|INFO|13810|server|<module>|27|Initializing process API
2021-07-15 11:34:19,107|DEBUG|13810|server|validate_data_dirs|57|/Users/jblom/workspace/DANE-kaldi-nl-api/mount does not exist
2021-07-15 11:35:06,540|INFO|13864|logging_util|init_logger|35|Loaded logger
2021-07-15 11:35:06,541|INFO|13864|server|<module>|27|Initializing process API
2021-07-15 11:35:06,545|DEBUG|13864|server|validate_data_dirs|58|/Users/jblom/workspace/DANE-kaldi-nl-api/mount does not exist. Make sure BASE_FS_MOUNT_DIR exists before retrying
2021-07-15 11:35:19,746|INFO|13880|logging_util|init_logger|35|Loaded logger
2021-07-15 11:35:19,747|INFO|13880|server|<module>|27|Initializing process API
2021-07-15 11:35:19,752|DEBUG|13880|server|validate_data_dirs|65|created ASR input dir: mount/input-files
2021-07-15 11:35:19,752|DEBUG|13880|server|validate_data_dirs|71|created ASR output dir: mount/asr-output
2021-07-15 11:35:19,752|INFO|13880|server|init_cache_dir|45|Checking if the PID cache dir /Users/jblom/workspace/DANE-kaldi-nl-api/pid-cache exists
2021-07-15 11:35:19,752|INFO|13880|server|init_cache_dir|50|PID cache dir already exists
2021-07-15 11:35:20,003|INFO|13883|logging_util|init_logger|35|Loaded logger
2021-07-15 11:35:20,003|INFO|13883|server|<module>|27|Initializing process API
2021-07-15 11:35:20,007|DEBUG|13883|server|validate_data_dirs|67|[Errno 17] File exists: 'mount/input-files'
2021-07-15 11:35:20,007|DEBUG|13883|server|validate_data_dirs|73|[Errno 17] File exists: 'mount/asr-output'
2021-07-15 11:35:20,007|INFO|13883|server|init_cache_dir|45|Checking if the PID cache dir /Users/jblom/workspace/DANE-kaldi-nl-api/pid-cache exists
2021-07-15 11:35:20,007|INFO|13883|server|init_cache_dir|50|PID cache dir already exists
